SF:lib/features/auth/data/models/user_model.g.dart
DA:13,0
DA:15,0
DA:16,0
DA:17,0
DA:19,0
DA:20,0
DA:21,0
DA:22,0
DA:23,0
DA:24,0
DA:25,0
DA:26,0
DA:27,0
DA:28,0
DA:29,0
DA:33,0
DA:36,0
DA:37,0
DA:38,0
DA:39,0
DA:40,0
DA:41,0
DA:42,0
DA:43,0
DA:44,0
DA:45,0
DA:46,0
DA:47,0
DA:48,0
DA:49,0
DA:50,0
DA:51,0
DA:52,0
DA:53,0
DA:54,0
DA:55,0
DA:56,0
DA:59,0
DA:60,0
DA:62,0
DA:65,0
DA:66,0
DA:67,0
DA:74,0
DA:75,0
DA:76,0
DA:77,0
DA:78,0
DA:79,0
DA:80,0
DA:81,0
DA:82,0
DA:83,0
DA:85,0
DA:86,0
DA:88,0
DA:91,0
DA:92,0
DA:93,0
DA:94,0
DA:95,0
DA:96,0
DA:97,0
DA:98,0
DA:99,0
DA:100,0
DA:101,0
LF:67
LH:0
end_of_record
SF:lib/features/auth/data/models/user_model.dart
DA:44,1
DA:57,2
DA:58,2
DA:59,2
DA:60,2
DA:61,2
DA:62,2
DA:63,2
DA:64,2
DA:65,2
DA:66,4
DA:67,4
DA:70,0
DA:73,4
DA:76,1
DA:88,1
DA:89,1
DA:90,0
DA:91,1
DA:92,0
DA:93,1
DA:94,1
DA:95,1
DA:96,1
DA:97,1
DA:98,1
LF:26
LH:23
end_of_record
SF:lib/features/auth/domain/usecases/login_usecase.dart
DA:8,1
DA:10,1
DA:11,2
LF:3
LH:3
end_of_record
SF:lib/features/auth/domain/entities/user_entity.dart
DA:15,2
DA:29,0
DA:31,1
DA:32,1
DA:33,1
DA:34,1
DA:35,1
DA:36,1
DA:37,1
DA:38,1
DA:39,1
DA:40,1
DA:41,1
DA:42,1
LF:14
LH:13
end_of_record
SF:lib/features/auth/presentation/bloc/auth_bloc.dart
DA:8,0
DA:9,0
DA:16,1
DA:18,0
DA:19,0
DA:26,1
DA:28,0
DA:29,0
DA:40,2
DA:41,2
DA:51,1
DA:53,1
DA:54,2
DA:62,1
DA:64,1
DA:65,2
DA:71,9
DA:72,6
DA:73,6
DA:74,6
DA:75,6
DA:76,9
DA:79,1
DA:83,2
DA:85,4
DA:87,1
DA:88,3
DA:89,3
DA:93,1
DA:97,2
DA:99,4
DA:101,1
DA:102,3
DA:103,3
DA:107,1
DA:111,2
DA:113,2
DA:115,1
DA:116,0
DA:117,3
DA:121,1
DA:125,2
DA:128,2
DA:129,1
DA:130,0
DA:131,3
DA:134,2
LF:47
LH:39
end_of_record
SF:lib/features/auth/presentation/view/login_page.dart
DA:8,1
DA:9,1
DA:10,1
DA:17,1
DA:20,3
DA:21,1
DA:22,1
DA:23,1
DA:24,1
DA:32,1
DA:33,1
DA:35,1
DA:36,1
DA:39,1
DA:40,3
DA:41,1
DA:43,1
DA:44,0
DA:45,0
DA:46,0
DA:47,0
DA:48,0
DA:51,1
DA:52,1
DA:54,1
DA:55,2
DA:57,0
DA:58,1
DA:59,1
DA:60,1
DA:62,1
DA:63,1
DA:66,1
DA:67,1
DA:68,1
DA:69,1
DA:71,1
DA:72,1
DA:76,1
DA:77,1
DA:79,1
DA:80,0
DA:84,1
DA:85,1
DA:86,1
DA:88,1
DA:89,1
DA:92,0
DA:93,0
DA:95,1
DA:97,1
DA:98,1
DA:99,1
DA:100,1
DA:101,1
LF:55
LH:46
end_of_record
SF:lib/features/auth/presentation/view/signup_page.dart
DA:9,1
DA:10,1
DA:11,1
DA:23,1
DA:25,1
DA:26,1
DA:27,1
DA:28,1
DA:36,1
DA:37,1
DA:39,1
DA:40,1
DA:43,1
DA:44,3
DA:45,1
DA:47,1
DA:48,0
DA:49,0
DA:50,0
DA:51,0
DA:52,0
DA:53,0
DA:56,0
DA:57,0
DA:58,0
DA:59,0
DA:62,1
DA:63,1
DA:65,1
DA:66,2
DA:68,0
DA:69,1
DA:70,1
DA:71,1
DA:77,1
DA:78,1
DA:79,1
DA:85,1
DA:86,1
DA:87,1
DA:93,1
DA:94,1
DA:95,1
DA:102,1
DA:103,1
DA:104,1
DA:111,1
DA:112,1
DA:113,1
DA:114,1
DA:115,1
DA:116,0
DA:117,0
DA:118,0
DA:124,1
DA:125,0
DA:130,1
DA:131,1
DA:132,1
DA:134,1
DA:135,1
DA:138,0
DA:139,0
DA:140,0
DA:141,0
DA:142,0
DA:143,0
DA:145,0
DA:147,1
DA:149,1
DA:150,1
DA:151,1
DA:152,0
DA:153,0
LF:74
LH:50
end_of_record
